1689527343.681446 client started (161206): version 3.2a, socket /tmp/tmux-1000/default, protocol 8
1689527343.681469 on Linux 5.19.0-46-generic #47~22.04.1-Ubuntu SMP PREEMPT_DYNAMIC Wed Jun 21 15:35:31 UTC 2
1689527343.681475 using libevent 2.1.12-stable (poll); ncurses 6.3
1689527343.681495 flags are 0x10010000
1689527343.681499 socket is /tmp/tmux-1000/default
1689527343.681511 trying connect
1689527343.681570 add peer 0x55fe391fa930: 6 ((nil))
1689527343.681794 sending message 100 to peer 0x55fe391fa930 (4 bytes)
1689527343.681803 sending message 111 to peer 0x55fe391fa930 (8 bytes)
1689527343.681809 sending message 101 to peer 0x55fe391fa930 (15 bytes)
1689527343.681813 sending message 109 to peer 0x55fe391fa930 (4 bytes)
1689527343.681819 sending message 102 to peer 0x55fe391fa930 (11 bytes)
1689527343.681823 sending message 108 to peer 0x55fe391fa930 (24 bytes)
1689527343.681828 sending message 112 to peer 0x55fe391fa930 (58 bytes)
1689527343.681834 sending message 112 to peer 0x55fe391fa930 (5 bytes)
1689527343.681839 sending message 112 to peer 0x55fe391fa930 (5 bytes)
1689527343.681844 sending message 112 to peer 0x55fe391fa930 (6 bytes)
1689527343.681849 sending message 112 to peer 0x55fe391fa930 (6 bytes)
1689527343.681854 sending message 112 to peer 0x55fe391fa930 (11 bytes)
1689527343.681860 sending message 112 to peer 0x55fe391fa930 (10 bytes)
1689527343.681864 sending message 112 to peer 0x55fe391fa930 (13 bytes)
1689527343.681870 sending message 112 to peer 0x55fe391fa930 (14 bytes)
1689527343.681875 sending message 112 to peer 0x55fe391fa930 (19 bytes)
1689527343.681880 sending message 112 to peer 0x55fe391fa930 (11 bytes)
1689527343.681885 sending message 112 to peer 0x55fe391fa930 (10 bytes)
1689527343.681890 sending message 112 to peer 0x55fe391fa930 (15 bytes)
1689527343.681895 sending message 112 to peer 0x55fe391fa930 (21 bytes)
1689527343.681900 sending message 112 to peer 0x55fe391fa930 (13 bytes)
1689527343.681906 sending message 112 to peer 0x55fe391fa930 (7 bytes)
1689527343.681911 sending message 112 to peer 0x55fe391fa930 (13 bytes)
1689527343.681917 sending message 112 to peer 0x55fe391fa930 (7 bytes)
1689527343.681921 sending message 112 to peer 0x55fe391fa930 (13 bytes)
1689527343.681927 sending message 112 to peer 0x55fe391fa930 (9 bytes)
1689527343.681932 sending message 112 to peer 0x55fe391fa930 (21 bytes)
1689527343.681937 sending message 112 to peer 0x55fe391fa930 (13 bytes)
1689527343.681942 sending message 112 to peer 0x55fe391fa930 (9 bytes)
1689527343.681947 sending message 112 to peer 0x55fe391fa930 (16 bytes)
1689527343.681952 sending message 112 to peer 0x55fe391fa930 (13 bytes)
1689527343.681958 sending message 112 to peer 0x55fe391fa930 (9 bytes)
1689527343.681962 sending message 112 to peer 0x55fe391fa930 (9 bytes)
1689527343.681968 sending message 112 to peer 0x55fe391fa930 (12 bytes)
1689527343.681972 sending message 112 to peer 0x55fe391fa930 (8 bytes)
1689527343.681978 sending message 112 to peer 0x55fe391fa930 (8 bytes)
1689527343.681982 sending message 112 to peer 0x55fe391fa930 (13 bytes)
1689527343.681987 sending message 112 to peer 0x55fe391fa930 (7 bytes)
1689527343.681992 sending message 112 to peer 0x55fe391fa930 (7 bytes)
1689527343.681998 sending message 112 to peer 0x55fe391fa930 (9 bytes)
1689527343.682002 sending message 112 to peer 0x55fe391fa930 (9 bytes)
1689527343.682008 sending message 112 to peer 0x55fe391fa930 (15 bytes)
1689527343.682012 sending message 112 to peer 0x55fe391fa930 (13 bytes)
1689527343.682018 sending message 112 to peer 0x55fe391fa930 (12 bytes)
1689527343.682023 sending message 112 to peer 0x55fe391fa930 (8 bytes)
1689527343.682028 sending message 112 to peer 0x55fe391fa930 (14 bytes)
1689527343.682033 sending message 112 to peer 0x55fe391fa930 (11 bytes)
1689527343.682039 sending message 112 to peer 0x55fe391fa930 (9 bytes)
1689527343.682044 sending message 112 to peer 0x55fe391fa930 (10 bytes)
1689527343.682049 sending message 112 to peer 0x55fe391fa930 (10 bytes)
1689527343.682054 sending message 112 to peer 0x55fe391fa930 (10 bytes)
1689527343.682065 sending message 112 to peer 0x55fe391fa930 (10 bytes)
1689527343.682079 sending message 112 to peer 0x55fe391fa930 (11 bytes)
1689527343.682084 sending message 112 to peer 0x55fe391fa930 (12 bytes)
1689527343.682111 sending message 112 to peer 0x55fe391fa930 (12 bytes)
1689527343.682116 sending message 112 to peer 0x55fe391fa930 (12 bytes)
1689527343.682122 sending message 112 to peer 0x55fe391fa930 (12 bytes)
1689527343.682144 sending message 112 to peer 0x55fe391fa930 (12 bytes)
1689527343.682148 sending message 112 to peer 0x55fe391fa930 (11 bytes)
1689527343.682154 sending message 112 to peer 0x55fe391fa930 (11 bytes)
1689527343.682158 sending message 112 to peer 0x55fe391fa930 (12 bytes)
1689527343.682164 sending message 112 to peer 0x55fe391fa930 (12 bytes)
1689527343.682168 sending message 112 to peer 0x55fe391fa930 (12 bytes)
1689527343.682174 sending message 112 to peer 0x55fe391fa930 (12 bytes)
1689527343.682179 sending message 112 to peer 0x55fe391fa930 (12 bytes)
1689527343.682184 sending message 112 to peer 0x55fe391fa930 (9 bytes)
1689527343.682189 sending message 112 to peer 0x55fe391fa930 (12 bytes)
1689527343.682193 sending message 112 to peer 0x55fe391fa930 (13 bytes)
1689527343.682197 sending message 112 to peer 0x55fe391fa930 (13 bytes)
1689527343.682201 sending message 112 to peer 0x55fe391fa930 (13 bytes)
1689527343.682205 sending message 112 to peer 0x55fe391fa930 (13 bytes)
1689527343.682210 sending message 112 to peer 0x55fe391fa930 (13 bytes)
1689527343.682214 sending message 112 to peer 0x55fe391fa930 (8 bytes)
1689527343.682218 sending message 112 to peer 0x55fe391fa930 (11 bytes)
1689527343.682222 sending message 112 to peer 0x55fe391fa930 (11 bytes)
1689527343.682226 sending message 112 to peer 0x55fe391fa930 (11 bytes)
1689527343.682231 sending message 112 to peer 0x55fe391fa930 (12 bytes)
1689527343.682236 sending message 112 to peer 0x55fe391fa930 (12 bytes)
1689527343.682241 sending message 112 to peer 0x55fe391fa930 (12 bytes)
1689527343.682246 sending message 112 to peer 0x55fe391fa930 (12 bytes)
1689527343.682251 sending message 112 to peer 0x55fe391fa930 (13 bytes)
1689527343.682256 sending message 112 to peer 0x55fe391fa930 (13 bytes)
1689527343.682261 sending message 112 to peer 0x55fe391fa930 (13 bytes)
1689527343.682265 sending message 112 to peer 0x55fe391fa930 (8 bytes)
1689527343.682271 sending message 112 to peer 0x55fe391fa930 (13 bytes)
1689527343.682276 sending message 112 to peer 0x55fe391fa930 (13 bytes)
1689527343.682281 sending message 112 to peer 0x55fe391fa930 (13 bytes)
1689527343.682286 sending message 112 to peer 0x55fe391fa930 (13 bytes)
1689527343.682291 sending message 112 to peer 0x55fe391fa930 (13 bytes)
1689527343.682296 sending message 112 to peer 0x55fe391fa930 (12 bytes)
1689527343.682301 sending message 112 to peer 0x55fe391fa930 (12 bytes)
1689527343.682305 sending message 112 to peer 0x55fe391fa930 (12 bytes)
1689527343.682309 sending message 112 to peer 0x55fe391fa930 (12 bytes)
1689527343.682315 sending message 112 to peer 0x55fe391fa930 (13 bytes)
1689527343.682320 sending message 112 to peer 0x55fe391fa930 (8 bytes)
1689527343.682325 sending message 112 to peer 0x55fe391fa930 (13 bytes)
1689527343.682329 sending message 112 to peer 0x55fe391fa930 (13 bytes)
1689527343.682333 sending message 112 to peer 0x55fe391fa930 (13 bytes)
1689527343.682338 sending message 112 to peer 0x55fe391fa930 (13 bytes)
1689527343.682342 sending message 112 to peer 0x55fe391fa930 (13 bytes)
1689527343.682347 sending message 112 to peer 0x55fe391fa930 (13 bytes)
1689527343.682352 sending message 112 to peer 0x55fe391fa930 (13 bytes)
1689527343.682357 sending message 112 to peer 0x55fe391fa930 (12 bytes)
1689527343.682363 sending message 112 to peer 0x55fe391fa930 (12 bytes)
1689527343.682368 sending message 112 to peer 0x55fe391fa930 (12 bytes)
1689527343.682374 sending message 112 to peer 0x55fe391fa930 (8 bytes)
1689527343.682378 sending message 112 to peer 0x55fe391fa930 (12 bytes)
1689527343.682383 sending message 112 to peer 0x55fe391fa930 (13 bytes)
1689527343.682393 sending message 112 to peer 0x55fe391fa930 (13 bytes)
1689527343.682399 sending message 112 to peer 0x55fe391fa930 (13 bytes)
1689527343.682404 sending message 112 to peer 0x55fe391fa930 (13 bytes)
1689527343.682408 sending message 112 to peer 0x55fe391fa930 (13 bytes)
1689527343.682413 sending message 112 to peer 0x55fe391fa930 (13 bytes)
1689527343.682419 sending message 112 to peer 0x55fe391fa930 (13 bytes)
1689527343.682423 sending message 112 to peer 0x55fe391fa930 (13 bytes)
1689527343.682429 sending message 112 to peer 0x55fe391fa930 (12 bytes)
1689527343.682434 sending message 112 to peer 0x55fe391fa930 (10 bytes)
1689527343.682439 sending message 112 to peer 0x55fe391fa930 (12 bytes)
1689527343.682444 sending message 112 to peer 0x55fe391fa930 (12 bytes)
1689527343.682449 sending message 112 to peer 0x55fe391fa930 (12 bytes)
1689527343.682454 sending message 112 to peer 0x55fe391fa930 (13 bytes)
1689527343.682459 sending message 112 to peer 0x55fe391fa930 (13 bytes)
1689527343.682463 sending message 112 to peer 0x55fe391fa930 (13 bytes)
1689527343.682469 sending message 112 to peer 0x55fe391fa930 (13 bytes)
1689527343.682473 sending message 112 to peer 0x55fe391fa930 (13 bytes)
1689527343.682479 sending message 112 to peer 0x55fe391fa930 (13 bytes)
1689527343.682483 sending message 112 to peer 0x55fe391fa930 (13 bytes)
1689527343.682489 sending message 112 to peer 0x55fe391fa930 (10 bytes)
1689527343.682493 sending message 112 to peer 0x55fe391fa930 (13 bytes)
1689527343.682498 sending message 112 to peer 0x55fe391fa930 (12 bytes)
1689527343.682502 sending message 112 to peer 0x55fe391fa930 (12 bytes)
1689527343.682507 sending message 112 to peer 0x55fe391fa930 (12 bytes)
1689527343.682512 sending message 112 to peer 0x55fe391fa930 (10 bytes)
1689527343.682517 sending message 112 to peer 0x55fe391fa930 (10 bytes)
1689527343.682521 sending message 112 to peer 0x55fe391fa930 (10 bytes)
1689527343.682527 sending message 112 to peer 0x55fe391fa930 (12 bytes)
1689527343.682531 sending message 112 to peer 0x55fe391fa930 (13 bytes)
1689527343.682536 sending message 112 to peer 0x55fe391fa930 (13 bytes)
1689527343.682541 sending message 112 to peer 0x55fe391fa930 (13 bytes)
1689527343.682546 sending message 112 to peer 0x55fe391fa930 (13 bytes)
1689527343.682551 sending message 112 to peer 0x55fe391fa930 (13 bytes)
1689527343.682556 sending message 112 to peer 0x55fe391fa930 (10 bytes)
1689527343.682561 sending message 112 to peer 0x55fe391fa930 (11 bytes)
1689527343.682566 sending message 112 to peer 0x55fe391fa930 (12 bytes)
1689527343.682571 sending message 112 to peer 0x55fe391fa930 (12 bytes)
1689527343.682576 sending message 112 to peer 0x55fe391fa930 (12 bytes)
1689527343.682581 sending message 112 to peer 0x55fe391fa930 (12 bytes)
1689527343.682586 sending message 112 to peer 0x55fe391fa930 (12 bytes)
1689527343.682591 sending message 112 to peer 0x55fe391fa930 (11 bytes)
1689527343.682595 sending message 112 to peer 0x55fe391fa930 (12 bytes)
1689527343.682601 sending message 112 to peer 0x55fe391fa930 (12 bytes)
1689527343.682606 sending message 112 to peer 0x55fe391fa930 (13 bytes)
1689527343.682610 sending message 112 to peer 0x55fe391fa930 (13 bytes)
1689527343.682615 sending message 112 to peer 0x55fe391fa930 (13 bytes)
1689527343.682620 sending message 112 to peer 0x55fe391fa930 (13 bytes)
1689527343.682625 sending message 112 to peer 0x55fe391fa930 (13 bytes)
1689527343.682630 sending message 112 to peer 0x55fe391fa930 (10 bytes)
1689527343.682635 sending message 112 to peer 0x55fe391fa930 (9 bytes)
1689527343.682640 sending message 112 to peer 0x55fe391fa930 (12 bytes)
1689527343.682645 sending message 112 to peer 0x55fe391fa930 (13 bytes)
1689527343.682650 sending message 112 to peer 0x55fe391fa930 (13 bytes)
1689527343.682655 sending message 112 to peer 0x55fe391fa930 (13 bytes)
1689527343.682660 sending message 112 to peer 0x55fe391fa930 (13 bytes)
1689527343.682664 sending message 112 to peer 0x55fe391fa930 (13 bytes)
1689527343.682669 sending message 112 to peer 0x55fe391fa930 (9 bytes)
1689527343.682679 sending message 112 to peer 0x55fe391fa930 (12 bytes)
1689527343.682684 sending message 112 to peer 0x55fe391fa930 (13 bytes)
1689527343.682689 sending message 112 to peer 0x55fe391fa930 (13 bytes)
1689527343.682694 sending message 112 to peer 0x55fe391fa930 (13 bytes)
1689527343.682699 sending message 112 to peer 0x55fe391fa930 (13 bytes)
1689527343.682704 sending message 112 to peer 0x55fe391fa930 (13 bytes)
1689527343.682709 sending message 112 to peer 0x55fe391fa930 (11 bytes)
1689527343.682714 sending message 112 to peer 0x55fe391fa930 (12 bytes)
1689527343.682719 sending message 112 to peer 0x55fe391fa930 (13 bytes)
1689527343.682724 sending message 112 to peer 0x55fe391fa930 (13 bytes)
1689527343.682732 sending message 112 to peer 0x55fe391fa930 (13 bytes)
1689527343.682737 sending message 112 to peer 0x55fe391fa930 (13 bytes)
1689527343.682742 sending message 112 to peer 0x55fe391fa930 (13 bytes)
1689527343.682747 sending message 112 to peer 0x55fe391fa930 (11 bytes)
1689527343.682752 sending message 112 to peer 0x55fe391fa930 (12 bytes)
1689527343.682757 sending message 112 to peer 0x55fe391fa930 (12 bytes)
1689527343.682762 sending message 112 to peer 0x55fe391fa930 (12 bytes)
1689527343.682767 sending message 112 to peer 0x55fe391fa930 (12 bytes)
1689527343.682772 sending message 112 to peer 0x55fe391fa930 (12 bytes)
1689527343.682777 sending message 112 to peer 0x55fe391fa930 (21 bytes)
1689527343.682782 sending message 112 to peer 0x55fe391fa930 (12 bytes)
1689527343.682787 sending message 112 to peer 0x55fe391fa930 (9 bytes)
1689527343.682792 sending message 112 to peer 0x55fe391fa930 (6 bytes)
1689527343.682796 sending message 112 to peer 0x55fe391fa930 (13 bytes)
1689527343.682802 sending message 112 to peer 0x55fe391fa930 (10 bytes)
1689527343.682806 sending message 112 to peer 0x55fe391fa930 (24 bytes)
1689527343.682813 sending message 112 to peer 0x55fe391fa930 (13 bytes)
1689527343.682818 sending message 112 to peer 0x55fe391fa930 (9 bytes)
1689527343.682823 sending message 112 to peer 0x55fe391fa930 (70 bytes)
1689527343.682827 sending message 112 to peer 0x55fe391fa930 (69 bytes)
1689527343.682832 sending message 112 to peer 0x55fe391fa930 (12 bytes)
1689527343.682837 sending message 112 to peer 0x55fe391fa930 (10 bytes)
1689527343.682841 sending message 112 to peer 0x55fe391fa930 (10 bytes)
1689527343.682847 sending message 112 to peer 0x55fe391fa930 (24 bytes)
1689527343.682851 sending message 112 to peer 0x55fe391fa930 (13 bytes)
1689527343.682856 sending message 112 to peer 0x55fe391fa930 (10 bytes)
1689527343.682861 sending message 112 to peer 0x55fe391fa930 (10 bytes)
1689527343.682866 sending message 112 to peer 0x55fe391fa930 (10 bytes)
1689527343.682871 sending message 112 to peer 0x55fe391fa930 (13 bytes)
1689527343.682876 sending message 112 to peer 0x55fe391fa930 (15 bytes)
1689527343.682881 sending message 112 to peer 0x55fe391fa930 (5 bytes)
1689527343.682886 sending message 104 to peer 0x55fe391fa930 (0 bytes)
1689527343.682895 sending message 110 to peer 0x55fe391fa930 (0 bytes)
1689527343.682902 sending message 107 to peer 0x55fe391fa930 (4 bytes)
1689527343.682907 sending message 105 to peer 0x55fe391fa930 (48 bytes)
1689527343.682912 sending message 105 to peer 0x55fe391fa930 (41 bytes)
1689527343.682917 sending message 105 to peer 0x55fe391fa930 (20 bytes)
1689527343.682922 sending message 105 to peer 0x55fe391fa930 (38 bytes)
1689527343.682926 sending message 105 to peer 0x55fe391fa930 (54 bytes)
1689527343.682931 sending message 105 to peer 0x55fe391fa930 (69 bytes)
1689527343.682936 sending message 105 to peer 0x55fe391fa930 (25 bytes)
1689527343.682941 sending message 105 to peer 0x55fe391fa930 (11 bytes)
1689527343.682946 sending message 105 to peer 0x55fe391fa930 (20 bytes)
1689527343.682951 sending message 105 to peer 0x55fe391fa930 (44 bytes)
1689527343.682956 sending message 105 to peer 0x55fe391fa930 (86 bytes)
1689527343.682961 sending message 105 to peer 0x55fe391fa930 (30 bytes)
1689527343.682966 sending message 105 to peer 0x55fe391fa930 (52 bytes)
1689527343.682975 sending message 105 to peer 0x55fe391fa930 (19 bytes)
1689527343.682983 sending message 105 to peer 0x55fe391fa930 (28 bytes)
1689527343.682988 sending message 105 to peer 0x55fe391fa930 (16 bytes)
1689527343.682993 sending message 105 to peer 0x55fe391fa930 (41 bytes)
1689527343.682998 sending message 105 to peer 0x55fe391fa930 (17 bytes)
1689527343.683003 sending message 105 to peer 0x55fe391fa930 (18 bytes)
1689527343.683008 sending message 105 to peer 0x55fe391fa930 (8 bytes)
1689527343.683013 sending message 105 to peer 0x55fe391fa930 (13 bytes)
1689527343.683018 sending message 105 to peer 0x55fe391fa930 (32 bytes)
1689527343.683024 sending message 105 to peer 0x55fe391fa930 (1519 bytes)
1689527343.683044 sending message 105 to peer 0x55fe391fa930 (51 bytes)
1689527343.683050 sending message 105 to peer 0x55fe391fa930 (16 bytes)
1689527343.683056 sending message 105 to peer 0x55fe391fa930 (24 bytes)
1689527343.683060 sending message 105 to peer 0x55fe391fa930 (60 bytes)
1689527343.683065 sending message 105 to peer 0x55fe391fa930 (31 bytes)
1689527343.683070 sending message 105 to peer 0x55fe391fa930 (11 bytes)
1689527343.683075 sending message 105 to peer 0x55fe391fa930 (519 bytes)
1689527343.683080 sending message 105 to peer 0x55fe391fa930 (28 bytes)
1689527343.683085 sending message 105 to peer 0x55fe391fa930 (19 bytes)
1689527343.683089 sending message 105 to peer 0x55fe391fa930 (18 bytes)
1689527343.683094 sending message 105 to peer 0x55fe391fa930 (92 bytes)
1689527343.683098 sending message 105 to peer 0x55fe391fa930 (19 bytes)
1689527343.683103 sending message 105 to peer 0x55fe391fa930 (8 bytes)
1689527343.683108 sending message 105 to peer 0x55fe391fa930 (68 bytes)
1689527343.683113 sending message 105 to peer 0x55fe391fa930 (25 bytes)
1689527343.683118 sending message 105 to peer 0x55fe391fa930 (41 bytes)
1689527343.683123 sending message 105 to peer 0x55fe391fa930 (22 bytes)
1689527343.683128 sending message 105 to peer 0x55fe391fa930 (20 bytes)
1689527343.683133 sending message 105 to peer 0x55fe391fa930 (18 bytes)
1689527343.683138 sending message 105 to peer 0x55fe391fa930 (26 bytes)
1689527343.683143 sending message 105 to peer 0x55fe391fa930 (37 bytes)
1689527343.683148 sending message 105 to peer 0x55fe391fa930 (13 bytes)
1689527343.683153 sending message 105 to peer 0x55fe391fa930 (10 bytes)
1689527343.683158 sending message 105 to peer 0x55fe391fa930 (14 bytes)
1689527343.683163 sending message 105 to peer 0x55fe391fa930 (17 bytes)
1689527343.683168 sending message 105 to peer 0x55fe391fa930 (13 bytes)
1689527343.683173 sending message 105 to peer 0x55fe391fa930 (41 bytes)
1689527343.683178 sending message 105 to peer 0x55fe391fa930 (47 bytes)
1689527343.683183 sending message 105 to peer 0x55fe391fa930 (51 bytes)
1689527343.683189 sending message 105 to peer 0x55fe391fa930 (104 bytes)
1689527343.683194 sending message 105 to peer 0x55fe391fa930 (33 bytes)
1689527343.683199 sending message 105 to peer 0x55fe391fa930 (31 bytes)
1689527343.683204 sending message 105 to peer 0x55fe391fa930 (23 bytes)
1689527343.683209 sending message 105 to peer 0x55fe391fa930 (29 bytes)
1689527343.683214 sending message 105 to peer 0x55fe391fa930 (21 bytes)
1689527343.683218 sending message 105 to peer 0x55fe391fa930 (20 bytes)
1689527343.683224 sending message 105 to peer 0x55fe391fa930 (26 bytes)
1689527343.683228 sending message 105 to peer 0x55fe391fa930 (16 bytes)
1689527343.683233 sending message 106 to peer 0x55fe391fa930 (0 bytes)
1689527343.683243 sending message 200 to peer 0x55fe391fa930 (4 bytes)
1689527343.683248 client loop enter
1689527343.683701 peer 0x55fe391fa930 message 303
1689527343.683710 open write file 2 -
1689527343.683721 sending message 305 to peer 0x55fe391fa930 (8 bytes)
1689527343.683735 write check file 2
1689527343.683859 peer 0x55fe391fa930 message 304
1689527343.683868 write 58 to file 2
1689527343.683874 peer 0x55fe391fa930 message 203
1689527343.683879 file 2 58 bytes left
1689527343.683893 write check file 2
1689527343.683898 client loop exit
